<?xml version="1.0" encoding="UTF-8"?>
<testsuite xmlns:xsi="http://www.w3.org/2001/XMLSchema-instance" xsi:noNamespaceSchemaLocation="https://maven.apache.org/surefire/maven-surefire-plugin/xsd/surefire-test-report.xsd" version="3.0.1" name="com.learningJackson.app.AppTest" time="0.091" tests="2" errors="0" skipped="0" failures="0">
  <properties>
[...]
</properties>
  <testcase name="whenSerializingUsingJsonAnyGetter_thenCorrect" classname="com.learningJackson.app.AppTest" time="0.08">
    <system-out><![CDATA[{"name":"My Bean","attr2":"val2","attr1":"val1"}
]]></system-out>
  </testcase>
  <testcase name="whenSerializingUsingJsonGetter_thenCorrect" classname="com.learningJackson.app.AppTest" time="0.001"/>
</testsuite>